<?xml version="1.0" encoding="UTF-8"?>
<!-- Generated by org.testng.reporters.JUnitXMLReporter -->
<testsuite ignored="3" hostname="DESKTOP-TJVM91P" failures="0" tests="0" time="0.014" errors="0" timestamp="2021-07-18T13:32:34 BST">
  <testcase classname="test.Test19_TestNGRetryFailedDemo" name="test1" time="0.0">
    <ignored/>
  </testcase> <!-- test1 -->
  <testcase classname="test.Test19_TestNGRetryFailedDemo" name="test3" time="0.0">
    <ignored/>
  </testcase> <!-- test3 -->
  <testcase classname="test.Test19_TestNGRetryFailedDemo" name="test2" time="0.0">
    <ignored/>
  </testcase> <!-- test2 -->
</testsuite>
