<?xml version="1.0" encoding="UTF-8"?>
<testng-results ignored="0" total="1" passed="1" failed="0" skipped="0">
  <reporter-output>
  </reporter-output>
  <suite started-at="2021-07-18T21:21:00 BST" name="Default suite" finished-at="2021-07-18T21:21:29 BST" duration-ms="29438">
    <groups>
    </groups>
    <test started-at="2021-07-18T21:21:00 BST" name="Default test" finished-at="2021-07-18T21:21:29 BST" duration-ms="29438">
      <class name="test.Test24_AutoIDDemo">
        <test-method signature="test()[pri:0, instance:test.Test24_AutoIDDemo@50eac852]" started-at="2021-07-18T21:21:00 BST" name="test" finished-at="2021-07-18T21:21:29 BST" duration-ms="29370" status="PASS">
          <reporter-output>
          </reporter-output>
        </test-method> <!-- test -->
      </class> <!-- test.Test24_AutoIDDemo -->
    </test> <!-- Default test -->
  </suite> <!-- Default suite -->
</testng-results>
